<?xml version="1.0" encoding="UTF-8"?>
<testsuite name="com.ctl.security.ips.test.cucumber.runner.SecurityAcceptanceTestRunner" time="0.011" tests="48" errors="0" skipped="0" failures="0">
  <properties>
[...]
</properties>
  <testcase name="Given I have a valid account" classname="Scenario: Get valid response when getting all policies for account" time="0.001"/>
  <testcase name="When I GET the policies" classname="Scenario: Get valid response when getting all policies for account" time="0"/>
  <testcase name="Then I receive a response that contains the expected list of policies" classname="Scenario: Get valid response when getting all policies for account" time="0"/>
  <testcase name="Scenario: Get valid response when getting all policies for account" classname="Scenario: Get valid response when getting all policies for account" time="0.002"/>
  <testcase name="Given I have an invalid account" classname="Scenario: Get invalid response when getting all policies for account" time="0"/>
  <testcase name="When I GET the policies" classname="Scenario: Get invalid response when getting all policies for account" time="0"/>
  <testcase name="Then I receive a response with an error message" classname="Scenario: Get invalid response when getting all policies for account" time="0"/>
  <testcase name="Scenario: Get invalid response when getting all policies for account" classname="Scenario: Get invalid response when getting all policies for account" time="0"/>
  <testcase name="Given I have a valid account" classname="Scenario: Get valid response when getting a single policy from an account" time="0"/>
  <testcase name="When I GET a valid policy" classname="Scenario: Get valid response when getting a single policy from an account" time="0"/>
  <testcase name="Then I receive a response that contains the expected policy" classname="Scenario: Get valid response when getting a single policy from an account" time="0"/>
  <testcase name="Scenario: Get valid response when getting a single policy from an account" classname="Scenario: Get valid response when getting a single policy from an account" time="0"/>
  <testcase name="Given I have an invalid account" classname="Scenario: Get invalid response when getting a single policy for an account" time="0"/>
  <testcase name="When I GET a valid policy" classname="Scenario: Get invalid response when getting a single policy for an account" time="0"/>
  <testcase name="Then I receive a response with an error message" classname="Scenario: Get invalid response when getting a single policy for an account" time="0"/>
  <testcase name="Scenario: Get invalid response when getting a single policy for an account" classname="Scenario: Get invalid response when getting a single policy for an account" time="0"/>
  <testcase name="Given I have a valid account" classname="Scenario: Get valid response when creating a policy for an account" time="0"/>
  <testcase name="When I POST a policy" classname="Scenario: Get valid response when creating a policy for an account" time="0"/>
  <testcase name="Then I receive a response that contains a uuid for the created policy" classname="Scenario: Get valid response when creating a policy for an account" time="0"/>
  <testcase name="Scenario: Get valid response when creating a policy for an account" classname="Scenario: Get valid response when creating a policy for an account" time="0"/>
  <testcase name="Given I have an invalid account" classname="Scenario: Get invalid response when creating a policy for an account" time="0"/>
  <testcase name="When I POST a policy" classname="Scenario: Get invalid response when creating a policy for an account" time="0"/>
  <testcase name="Then I receive a response with an error message" classname="Scenario: Get invalid response when creating a policy for an account" time="0"/>
  <testcase name="Scenario: Get invalid response when creating a policy for an account" classname="Scenario: Get invalid response when creating a policy for an account" time="0.004"/>
  <testcase name="Given I have an valid account" classname="Scenario: Get valid response when updating a policy for an account" time="0"/>
  <testcase name="When I PUT a valid policy" classname="Scenario: Get valid response when updating a policy for an account" time="0"/>
  <testcase name="Then I receive a response that does not contain an error message" classname="Scenario: Get valid response when updating a policy for an account" time="0"/>
  <testcase name="Scenario: Get valid response when updating a policy for an account" classname="Scenario: Get valid response when updating a policy for an account" time="0"/>
  <testcase name="Given I have an invalid account" classname="Scenario: Get invalid response when updating a policy for an account" time="0"/>
  <testcase name="When I PUT a valid policy" classname="Scenario: Get invalid response when updating a policy for an account" time="0"/>
  <testcase name="Then I receive a response with an error message" classname="Scenario: Get invalid response when updating a policy for an account" time="0"/>
  <testcase name="Scenario: Get invalid response when updating a policy for an account" classname="Scenario: Get invalid response when updating a policy for an account" time="0.002"/>
  <testcase name="Given I have a valid account" classname="Scenario: Get valid response when updating a policy for an account" time="0"/>
  <testcase name="When I PUT an invalid policy" classname="Scenario: Get valid response when updating a policy for an account" time="0"/>
  <testcase name="Then I receive a response with an error message" classname="Scenario: Get valid response when updating a policy for an account" time="0"/>
  <testcase name="Scenario: Get valid response when updating a policy for an account" classname="Scenario: Get valid response when updating a policy for an account" time="0"/>
  <testcase name="Given I have an valid account" classname="Scenario: Get valid response when deleting a policy for an account" time="0"/>
  <testcase name="When I DELETE a valid policy" classname="Scenario: Get valid response when deleting a policy for an account" time="0"/>
  <testcase name="Then I receive a response that does not contain an error message" classname="Scenario: Get valid response when deleting a policy for an account" time="0"/>
  <testcase name="Scenario: Get valid response when deleting a policy for an account" classname="Scenario: Get valid response when deleting a policy for an account" time="0.001"/>
  <testcase name="Given I have an invalid account" classname="Scenario: Get invalid response when deleting a policy for an account" time="0"/>
  <testcase name="When I DELETE a valid policy" classname="Scenario: Get invalid response when deleting a policy for an account" time="0"/>
  <testcase name="Then I receive a response with an error message" classname="Scenario: Get invalid response when deleting a policy for an account" time="0"/>
  <testcase name="Scenario: Get invalid response when deleting a policy for an account" classname="Scenario: Get invalid response when deleting a policy for an account" time="0.001"/>
  <testcase name="Given I have a valid account" classname="Scenario: Get valid response when deleting a policy for an account" time="0"/>
  <testcase name="When I DELETE an invalid policy" classname="Scenario: Get valid response when deleting a policy for an account" time="0"/>
  <testcase name="Then I receive a response with error message Policy test-id-2 cannot be found for account: TCCD" classname="Scenario: Get valid response when deleting a policy for an account" time="0"/>
  <testcase name="Scenario: Get valid response when deleting a policy for an account" classname="Scenario: Get valid response when deleting a policy for an account" time="0"/>
</testsuite>